{"contracts/Battleship.sol":{"l":{"41":2,"45":6,"66":9,"68":9,"69":4,"72":5,"73":3,"74":1,"76":3,"78":7,"86":2,"87":2,"88":2,"89":2,"90":2,"92":2,"93":2,"96":2,"97":2,"104":4,"105":4,"106":4,"118":0,"120":0,"122":0,"123":0,"124":0,"128":0,"129":0,"136":0,"137":0,"138":0,"142":0,"143":0,"148":0,"156":0,"157":0,"158":0,"160":0,"162":0,"163":0,"164":0,"169":0,"172":0,"173":0,"174":0,"183":2,"184":2,"185":2,"186":2,"196":0,"197":0,"199":0,"201":0,"202":0,"203":0,"205":0,"211":1,"212":1,"213":1,"214":1,"215":1,"216":1,"224":1,"225":1,"226":1,"227":1,"236":1,"237":1,"239":1,"240":0,"241":0,"242":0,"251":2,"258":0,"259":0,"263":0,"273":0,"274":0,"276":0,"277":0,"279":0,"282":0,"284":0,"286":0,"288":0,"289":0,"290":0,"291":0,"292":0,"293":0,"295":0,"296":0,"299":0,"302":0,"303":0,"304":0,"307":0},"path":"/home/roman/Skola/6semester/DMBLOCK/Zadanie_2/Zadanie 2/kody/contracts/Battleship.sol","s":{"1":2,"2":6,"3":9,"4":9,"5":4,"6":5,"7":3,"8":1,"9":3,"10":7,"11":2,"12":2,"13":2,"14":2,"15":2,"16":2,"17":2,"18":2,"19":2,"20":4,"21":4,"22":4,"23":0,"24":0,"25":0,"26":0,"27":0,"28":0,"29":0,"30":0,"31":0,"32":0,"33":0,"34":0,"35":0,"36":0,"37":0,"38":0,"39":0,"40":0,"41":0,"42":0,"43":0,"44":0,"45":0,"46":0,"47":0,"48":0,"49":0,"50":2,"51":2,"52":2,"53":2,"54":0,"55":0,"56":0,"57":0,"58":0,"59":0,"60":0,"61":1,"62":1,"63":1,"64":1,"65":1,"66":1,"67":1,"68":1,"69":1,"70":1,"71":1,"72":1,"73":1,"74":0,"75":0,"76":0,"77":2,"78":0,"79":0,"80":0,"81":0,"82":0,"83":0,"84":0,"85":0,"86":0,"87":0,"88":0,"89":0,"90":0,"91":0,"92":0,"93":0,"94":0,"95":0,"96":0,"97":0},"b":{"1":[4,5],"2":[3,2],"3":[1,2],"4":[4,0],"5":[4,0],"6":[0,0],"7":[0,0],"8":[0,0],"9":[0,0],"10":[0,0],"11":[0,0],"12":[0,0],"13":[0,0],"14":[0,0],"15":[0,0],"16":[0,0],"17":[0,0],"18":[0,0],"19":[2,0],"20":[2,0],"21":[0,0],"22":[0,0],"23":[0,0],"24":[1,0],"25":[1,0],"26":[1,0],"27":[1,0],"28":[1,0],"29":[1,0],"30":[1,0],"31":[0,1],"32":[0,0],"33":[0,0],"34":[0,0],"35":[0,0]},"f":{"1":2,"2":6,"3":9,"4":2,"5":4,"6":0,"7":0,"8":2,"9":0,"10":1,"11":1,"12":1,"13":2,"14":0,"15":0,"16":0},"fnMap":{"1":{"name":"callFromOnePlayerWithOpponent","line":40,"loc":{"start":{"line":40,"column":4},"end":{"line":42,"column":4}}},"2":{"name":"callFromOnePlayer","line":44,"loc":{"start":{"line":44,"column":5},"end":{"line":46,"column":4}}},"3":{"name":"store_bid","line":64,"loc":{"start":{"line":64,"column":4},"end":{"line":79,"column":4}}},"4":{"name":"clear_state","line":85,"loc":{"start":{"line":85,"column":4},"end":{"line":99,"column":4}}},"5":{"name":"store_board_commitment","line":103,"loc":{"start":{"line":103,"column":4},"end":{"line":107,"column":4}}},"6":{"name":"check_one_ship","line":114,"loc":{"start":{"line":114,"column":4},"end":{"line":149,"column":4}}},"7":{"name":"claim_win","line":155,"loc":{"start":{"line":155,"column":4},"end":{"line":176,"column":4}}},"8":{"name":"forfeit","line":182,"loc":{"start":{"line":182,"column":4},"end":{"line":187,"column":4}}},"9":{"name":"accuse_cheating","line":194,"loc":{"start":{"line":194,"column":4},"end":{"line":206,"column":4}}},"10":{"name":"claim_opponent_left","line":210,"loc":{"start":{"line":210,"column":4},"end":{"line":217,"column":4}}},"11":{"name":"handle_timeout","line":222,"loc":{"start":{"line":222,"column":4},"end":{"line":230,"column":4}}},"12":{"name":"claim_timeout_winnings","line":235,"loc":{"start":{"line":235,"column":4},"end":{"line":245,"column":4}}},"13":{"name":"is_game_over","line":250,"loc":{"start":{"line":250,"column":4},"end":{"line":252,"column":4}}},"14":{"name":"merge_bytes32","line":257,"loc":{"start":{"line":257,"column":4},"end":{"line":264,"column":4}}},"15":{"name":"verify_opening","line":272,"loc":{"start":{"line":272,"column":4},"end":{"line":299,"column":43}}},"16":{"name":"isInArray","line":301,"loc":{"start":{"line":301,"column":8},"end":{"line":308,"column":8}}}},"statementMap":{"1":{"start":{"line":41,"column":8},"end":{"line":41,"column":123}},"2":{"start":{"line":45,"column":8},"end":{"line":45,"column":69}},"3":{"start":{"line":66,"column":4},"end":{"line":66,"column":27}},"4":{"start":{"line":68,"column":4},"end":{"line":68,"column":2070}},"5":{"start":{"line":69,"column":8},"end":{"line":69,"column":22}},"6":{"start":{"line":72,"column":8},"end":{"line":72,"column":116}},"7":{"start":{"line":73,"column":8},"end":{"line":73,"column":2272}},"8":{"start":{"line":74,"column":11},"end":{"line":74,"column":46}},"9":{"start":{"line":76,"column":8},"end":{"line":76,"column":29}},"10":{"start":{"line":78,"column":4},"end":{"line":78,"column":27}},"11":{"start":{"line":86,"column":8},"end":{"line":86,"column":25}},"12":{"start":{"line":87,"column":8},"end":{"line":87,"column":14}},"13":{"start":{"line":88,"column":8},"end":{"line":88,"column":25}},"14":{"start":{"line":89,"column":8},"end":{"line":89,"column":39}},"15":{"start":{"line":90,"column":8},"end":{"line":90,"column":30}},"16":{"start":{"line":92,"column":8},"end":{"line":92,"column":58}},"17":{"start":{"line":93,"column":8},"end":{"line":93,"column":59}},"18":{"start":{"line":96,"column":8},"end":{"line":96,"column":54}},"19":{"start":{"line":97,"column":8},"end":{"line":97,"column":55}},"20":{"start":{"line":104,"column":8},"end":{"line":104,"column":74}},"21":{"start":{"line":105,"column":8},"end":{"line":105,"column":96}},"22":{"start":{"line":106,"column":8},"end":{"line":106,"column":39}},"23":{"start":{"line":118,"column":9},"end":{"line":118,"column":140}},"24":{"start":{"line":120,"column":8},"end":{"line":120,"column":4254}},"25":{"start":{"line":122,"column":12},"end":{"line":122,"column":4336}},"26":{"start":{"line":123,"column":16},"end":{"line":123,"column":4381}},"27":{"start":{"line":124,"column":19},"end":{"line":124,"column":71}},"28":{"start":{"line":128,"column":16},"end":{"line":128,"column":4600}},"29":{"start":{"line":129,"column":19},"end":{"line":129,"column":75}},"30":{"start":{"line":136,"column":12},"end":{"line":136,"column":4894}},"31":{"start":{"line":137,"column":16},"end":{"line":137,"column":4939}},"32":{"start":{"line":138,"column":19},"end":{"line":138,"column":72}},"33":{"start":{"line":142,"column":16},"end":{"line":142,"column":5160}},"34":{"start":{"line":143,"column":19},"end":{"line":143,"column":76}},"35":{"start":{"line":148,"column":8},"end":{"line":148,"column":23}},"36":{"start":{"line":156,"column":8},"end":{"line":156,"column":74}},"37":{"start":{"line":157,"column":8},"end":{"line":157,"column":83}},"38":{"start":{"line":158,"column":8},"end":{"line":158,"column":5847}},"39":{"start":{"line":160,"column":12},"end":{"line":160,"column":119}},"40":{"start":{"line":160,"column":112},"end":{"line":160,"column":118}},"41":{"start":{"line":162,"column":12},"end":{"line":162,"column":34}},"42":{"start":{"line":163,"column":12},"end":{"line":163,"column":53}},"43":{"start":{"line":164,"column":14},"end":{"line":164,"column":26}},"44":{"start":{"line":166,"column":13},"end":{"line":166,"column":6243}},"45":{"start":{"line":169,"column":12},"end":{"line":169,"column":121}},"46":{"start":{"line":169,"column":114},"end":{"line":169,"column":120}},"47":{"start":{"line":172,"column":12},"end":{"line":172,"column":34}},"48":{"start":{"line":173,"column":12},"end":{"line":173,"column":53}},"49":{"start":{"line":174,"column":13},"end":{"line":174,"column":25}},"50":{"start":{"line":183,"column":8},"end":{"line":183,"column":74}},"51":{"start":{"line":184,"column":8},"end":{"line":184,"column":81}},"52":{"start":{"line":185,"column":8},"end":{"line":185,"column":47}},"53":{"start":{"line":186,"column":8},"end":{"line":186,"column":20}},"54":{"start":{"line":196,"column":8},"end":{"line":196,"column":74}},"55":{"start":{"line":197,"column":8},"end":{"line":197,"column":89}},"56":{"start":{"line":199,"column":8},"end":{"line":199,"column":139}},"57":{"start":{"line":201,"column":8},"end":{"line":201,"column":8215}},"58":{"start":{"line":202,"column":12},"end":{"line":202,"column":53}},"59":{"start":{"line":203,"column":12},"end":{"line":203,"column":24}},"60":{"start":{"line":205,"column":8},"end":{"line":205,"column":22}},"61":{"start":{"line":211,"column":8},"end":{"line":211,"column":74}},"62":{"start":{"line":212,"column":8},"end":{"line":212,"column":122}},"63":{"start":{"line":213,"column":8},"end":{"line":213,"column":114}},"64":{"start":{"line":214,"column":7},"end":{"line":214,"column":40}},"65":{"start":{"line":215,"column":8},"end":{"line":215,"column":53}},"66":{"start":{"line":216,"column":8},"end":{"line":216,"column":50}},"67":{"start":{"line":224,"column":8},"end":{"line":224,"column":9374}},"68":{"start":{"line":225,"column":12},"end":{"line":225,"column":9436}},"69":{"start":{"line":226,"column":16},"end":{"line":226,"column":35}},"70":{"start":{"line":227,"column":16},"end":{"line":227,"column":76}},"71":{"start":{"line":236,"column":8},"end":{"line":236,"column":74}},"72":{"start":{"line":237,"column":8},"end":{"line":237,"column":125}},"73":{"start":{"line":239,"column":8},"end":{"line":239,"column":10238}},"74":{"start":{"line":240,"column":8},"end":{"line":240,"column":10294}},"75":{"start":{"line":241,"column":12},"end":{"line":241,"column":53}},"76":{"start":{"line":242,"column":12},"end":{"line":242,"column":24}},"77":{"start":{"line":251,"column":8},"end":{"line":251,"column":31}},"78":{"start":{"line":258,"column":8},"end":{"line":258,"column":43}},"79":{"start":{"line":263,"column":8},"end":{"line":263,"column":21}},"80":{"start":{"line":273,"column":8},"end":{"line":273,"column":54}},"81":{"start":{"line":274,"column":8},"end":{"line":274,"column":47}},"82":{"start":{"line":276,"column":8},"end":{"line":276,"column":33}},"83":{"start":{"line":277,"column":8},"end":{"line":277,"column":18}},"84":{"start":{"line":279,"column":8},"end":{"line":279,"column":11895}},"85":{"start":{"line":282,"column":12},"end":{"line":282,"column":68}},"86":{"start":{"line":284,"column":12},"end":{"line":284,"column":62}},"87":{"start":{"line":286,"column":12},"end":{"line":286,"column":85}},"88":{"start":{"line":288,"column":12},"end":{"line":288,"column":95}},"89":{"start":{"line":290,"column":12},"end":{"line":290,"column":50}},"90":{"start":{"line":291,"column":12},"end":{"line":291,"column":12655}},"91":{"start":{"line":292,"column":16},"end":{"line":292,"column":91}},"92":{"start":{"line":295,"column":16},"end":{"line":295,"column":91}},"93":{"start":{"line":299,"column":8},"end":{"line":299,"column":38}},"94":{"start":{"line":302,"column":12},"end":{"line":302,"column":13144}},"95":{"start":{"line":303,"column":16},"end":{"line":303,"column":13206}},"96":{"start":{"line":304,"column":20},"end":{"line":304,"column":31}},"97":{"start":{"line":307,"column":12},"end":{"line":307,"column":24}}},"branchMap":{"1":{"line":68,"type":"if","locations":[{"start":{"line":68,"column":4},"end":{"line":68,"column":4}},{"start":{"line":68,"column":4},"end":{"line":68,"column":4}}]},"2":{"line":72,"type":"if","locations":[{"start":{"line":72,"column":8},"end":{"line":72,"column":8}},{"start":{"line":72,"column":8},"end":{"line":72,"column":8}}]},"3":{"line":73,"type":"if","locations":[{"start":{"line":73,"column":8},"end":{"line":73,"column":8}},{"start":{"line":73,"column":8},"end":{"line":73,"column":8}}]},"4":{"line":104,"type":"if","locations":[{"start":{"line":104,"column":8},"end":{"line":104,"column":8}},{"start":{"line":104,"column":8},"end":{"line":104,"column":8}}]},"5":{"line":105,"type":"if","locations":[{"start":{"line":105,"column":8},"end":{"line":105,"column":8}},{"start":{"line":105,"column":8},"end":{"line":105,"column":8}}]},"6":{"line":120,"type":"if","locations":[{"start":{"line":120,"column":8},"end":{"line":120,"column":8}},{"start":{"line":120,"column":8},"end":{"line":120,"column":8}}]},"7":{"line":122,"type":"if","locations":[{"start":{"line":122,"column":12},"end":{"line":122,"column":12}},{"start":{"line":122,"column":12},"end":{"line":122,"column":12}}]},"8":{"line":123,"type":"if","locations":[{"start":{"line":123,"column":16},"end":{"line":123,"column":16}},{"start":{"line":123,"column":16},"end":{"line":123,"column":16}}]},"9":{"line":128,"type":"if","locations":[{"start":{"line":128,"column":16},"end":{"line":128,"column":16}},{"start":{"line":128,"column":16},"end":{"line":128,"column":16}}]},"10":{"line":136,"type":"if","locations":[{"start":{"line":136,"column":12},"end":{"line":136,"column":12}},{"start":{"line":136,"column":12},"end":{"line":136,"column":12}}]},"11":{"line":137,"type":"if","locations":[{"start":{"line":137,"column":16},"end":{"line":137,"column":16}},{"start":{"line":137,"column":16},"end":{"line":137,"column":16}}]},"12":{"line":142,"type":"if","locations":[{"start":{"line":142,"column":16},"end":{"line":142,"column":16}},{"start":{"line":142,"column":16},"end":{"line":142,"column":16}}]},"13":{"line":156,"type":"if","locations":[{"start":{"line":156,"column":8},"end":{"line":156,"column":8}},{"start":{"line":156,"column":8},"end":{"line":156,"column":8}}]},"14":{"line":157,"type":"if","locations":[{"start":{"line":157,"column":8},"end":{"line":157,"column":8}},{"start":{"line":157,"column":8},"end":{"line":157,"column":8}}]},"15":{"line":158,"type":"if","locations":[{"start":{"line":158,"column":8},"end":{"line":158,"column":8}},{"start":{"line":158,"column":8},"end":{"line":158,"column":8}}]},"16":{"line":160,"type":"if","locations":[{"start":{"line":160,"column":12},"end":{"line":160,"column":12}},{"start":{"line":160,"column":12},"end":{"line":160,"column":12}}]},"17":{"line":166,"type":"if","locations":[{"start":{"line":166,"column":13},"end":{"line":166,"column":13}},{"start":{"line":166,"column":13},"end":{"line":166,"column":13}}]},"18":{"line":169,"type":"if","locations":[{"start":{"line":169,"column":12},"end":{"line":169,"column":12}},{"start":{"line":169,"column":12},"end":{"line":169,"column":12}}]},"19":{"line":183,"type":"if","locations":[{"start":{"line":183,"column":8},"end":{"line":183,"column":8}},{"start":{"line":183,"column":8},"end":{"line":183,"column":8}}]},"20":{"line":184,"type":"if","locations":[{"start":{"line":184,"column":8},"end":{"line":184,"column":8}},{"start":{"line":184,"column":8},"end":{"line":184,"column":8}}]},"21":{"line":196,"type":"if","locations":[{"start":{"line":196,"column":8},"end":{"line":196,"column":8}},{"start":{"line":196,"column":8},"end":{"line":196,"column":8}}]},"22":{"line":197,"type":"if","locations":[{"start":{"line":197,"column":8},"end":{"line":197,"column":8}},{"start":{"line":197,"column":8},"end":{"line":197,"column":8}}]},"23":{"line":201,"type":"if","locations":[{"start":{"line":201,"column":8},"end":{"line":201,"column":8}},{"start":{"line":201,"column":8},"end":{"line":201,"column":8}}]},"24":{"line":211,"type":"if","locations":[{"start":{"line":211,"column":8},"end":{"line":211,"column":8}},{"start":{"line":211,"column":8},"end":{"line":211,"column":8}}]},"25":{"line":212,"type":"if","locations":[{"start":{"line":212,"column":8},"end":{"line":212,"column":8}},{"start":{"line":212,"column":8},"end":{"line":212,"column":8}}]},"26":{"line":213,"type":"if","locations":[{"start":{"line":213,"column":8},"end":{"line":213,"column":8}},{"start":{"line":213,"column":8},"end":{"line":213,"column":8}}]},"27":{"line":224,"type":"if","locations":[{"start":{"line":224,"column":8},"end":{"line":224,"column":8}},{"start":{"line":224,"column":8},"end":{"line":224,"column":8}}]},"28":{"line":225,"type":"if","locations":[{"start":{"line":225,"column":12},"end":{"line":225,"column":12}},{"start":{"line":225,"column":12},"end":{"line":225,"column":12}}]},"29":{"line":236,"type":"if","locations":[{"start":{"line":236,"column":8},"end":{"line":236,"column":8}},{"start":{"line":236,"column":8},"end":{"line":236,"column":8}}]},"30":{"line":237,"type":"if","locations":[{"start":{"line":237,"column":8},"end":{"line":237,"column":8}},{"start":{"line":237,"column":8},"end":{"line":237,"column":8}}]},"31":{"line":239,"type":"if","locations":[{"start":{"line":239,"column":8},"end":{"line":239,"column":8}},{"start":{"line":239,"column":8},"end":{"line":239,"column":8}}]},"32":{"line":240,"type":"if","locations":[{"start":{"line":240,"column":8},"end":{"line":240,"column":8}},{"start":{"line":240,"column":8},"end":{"line":240,"column":8}}]},"33":{"line":290,"type":"if","locations":[{"start":{"line":290,"column":12},"end":{"line":290,"column":12}},{"start":{"line":290,"column":12},"end":{"line":290,"column":12}}]},"34":{"line":291,"type":"if","locations":[{"start":{"line":291,"column":12},"end":{"line":291,"column":12}},{"start":{"line":291,"column":12},"end":{"line":291,"column":12}}]},"35":{"line":303,"type":"if","locations":[{"start":{"line":303,"column":16},"end":{"line":303,"column":16}},{"start":{"line":303,"column":16},"end":{"line":303,"column":16}}]}}}}