TN:
SF:/home/roman/Skola/6semester/DMBLOCK/Zadanie_2/Zadanie 2/kody/contracts/Battleship.sol
FN:40,callFromOnePlayerWithOpponent
FN:44,callFromOnePlayer
FN:64,store_bid
FN:85,clear_state
FN:103,store_board_commitment
FN:114,check_one_ship
FN:155,claim_win
FN:182,forfeit
FN:194,accuse_cheating
FN:210,claim_opponent_left
FN:222,handle_timeout
FN:235,claim_timeout_winnings
FN:250,is_game_over
FN:257,merge_bytes32
FN:272,verify_opening
FN:301,isInArray
FNF:16
FNH:10
FNDA:2,callFromOnePlayerWithOpponent
FNDA:6,callFromOnePlayer
FNDA:9,store_bid
FNDA:2,clear_state
FNDA:4,store_board_commitment
FNDA:0,check_one_ship
FNDA:0,claim_win
FNDA:2,forfeit
FNDA:0,accuse_cheating
FNDA:1,claim_opponent_left
FNDA:1,handle_timeout
FNDA:1,claim_timeout_winnings
FNDA:2,is_game_over
FNDA:0,merge_bytes32
FNDA:0,verify_opening
FNDA:0,isInArray
DA:41,2
DA:45,6
DA:66,9
DA:68,9
DA:69,4
DA:72,5
DA:73,3
DA:74,1
DA:76,3
DA:78,7
DA:86,2
DA:87,2
DA:88,2
DA:89,2
DA:90,2
DA:92,2
DA:93,2
DA:96,2
DA:97,2
DA:104,4
DA:105,4
DA:106,4
DA:118,0
DA:120,0
DA:122,0
DA:123,0
DA:124,0
DA:128,0
DA:129,0
DA:136,0
DA:137,0
DA:138,0
DA:142,0
DA:143,0
DA:148,0
DA:156,0
DA:157,0
DA:158,0
DA:160,0
DA:162,0
DA:163,0
DA:164,0
DA:169,0
DA:172,0
DA:173,0
DA:174,0
DA:183,2
DA:184,2
DA:185,2
DA:186,2
DA:196,0
DA:197,0
DA:199,0
DA:201,0
DA:202,0
DA:203,0
DA:205,0
DA:211,1
DA:212,1
DA:213,1
DA:214,1
DA:215,1
DA:216,1
DA:224,1
DA:225,1
DA:226,1
DA:227,1
DA:236,1
DA:237,1
DA:239,1
DA:240,0
DA:241,0
DA:242,0
DA:251,2
DA:258,0
DA:259,0
DA:263,0
DA:273,0
DA:274,0
DA:276,0
DA:277,0
DA:279,0
DA:282,0
DA:284,0
DA:286,0
DA:288,0
DA:289,0
DA:290,0
DA:291,0
DA:292,0
DA:293,0
DA:295,0
DA:296,0
DA:299,0
DA:302,0
DA:303,0
DA:304,0
DA:307,0
LF:98
LH:40
BRDA:68,1,0,4
BRDA:68,1,1,5
BRDA:72,2,0,3
BRDA:72,2,1,2
BRDA:73,3,0,1
BRDA:73,3,1,2
BRDA:104,4,0,4
BRDA:104,4,1,0
BRDA:105,5,0,4
BRDA:105,5,1,0
BRDA:120,6,0,0
BRDA:120,6,1,0
BRDA:122,7,0,0
BRDA:122,7,1,0
BRDA:123,8,0,0
BRDA:123,8,1,0
BRDA:128,9,0,0
BRDA:128,9,1,0
BRDA:136,10,0,0
BRDA:136,10,1,0
BRDA:137,11,0,0
BRDA:137,11,1,0
BRDA:142,12,0,0
BRDA:142,12,1,0
BRDA:156,13,0,0
BRDA:156,13,1,0
BRDA:157,14,0,0
BRDA:157,14,1,0
BRDA:158,15,0,0
BRDA:158,15,1,0
BRDA:160,16,0,0
BRDA:160,16,1,0
BRDA:166,17,0,0
BRDA:166,17,1,0
BRDA:169,18,0,0
BRDA:169,18,1,0
BRDA:183,19,0,2
BRDA:183,19,1,0
BRDA:184,20,0,2
BRDA:184,20,1,0
BRDA:196,21,0,0
BRDA:196,21,1,0
BRDA:197,22,0,0
BRDA:197,22,1,0
BRDA:201,23,0,0
BRDA:201,23,1,0
BRDA:211,24,0,1
BRDA:211,24,1,0
BRDA:212,25,0,1
BRDA:212,25,1,0
BRDA:213,26,0,1
BRDA:213,26,1,0
BRDA:224,27,0,1
BRDA:224,27,1,0
BRDA:225,28,0,1
BRDA:225,28,1,0
BRDA:236,29,0,1
BRDA:236,29,1,0
BRDA:237,30,0,1
BRDA:237,30,1,0
BRDA:239,31,0,0
BRDA:239,31,1,1
BRDA:240,32,0,0
BRDA:240,32,1,0
BRDA:290,33,0,0
BRDA:290,33,1,0
BRDA:291,34,0,0
BRDA:291,34,1,0
BRDA:303,35,0,0
BRDA:303,35,1,0
BRF:70
BRH:18
end_of_record
